2016-02-18 16:07:24,256 [Worker-5] INFO  o.e.m.c.i.l.LifecycleMappingFactory - Using org.eclipse.m2e.jdt.JarLifecycleMapping lifecycle mapping for MavenProject: Smart:Test:0.0.1-SNAPSHOT @ C:\Users\paulo.capeller\Google Drive\Wipro\Projetos\SMART\realeses\Test 1.0.0\pom.xml.
2016-02-18 16:07:24,256 [Worker-0] INFO  o.e.m.c.i.l.LifecycleMappingFactory - Using org.eclipse.m2e.jdt.JarLifecycleMapping lifecycle mapping for MavenProject: Smart:Test:0.0.1-SNAPSHOT @ C:\Users\paulo.capeller\Google Drive\Wipro\Projetos\SMART\realeses\Test 1.0.0\pom.xml.
2016-02-18 16:07:25,512 [Worker-5] WARN  o.e.m.c.i.embedder.EclipseLogger - The artifact xml-apis:xml-apis:jar:2.0.2 has been relocated to xml-apis:xml-apis:jar:1.0.b2
2016-02-18 16:07:25,513 [Worker-0] WARN  o.e.m.c.i.embedder.EclipseLogger - The artifact xml-apis:xml-apis:jar:2.0.2 has been relocated to xml-apis:xml-apis:jar:1.0.b2
2016-02-18 16:07:28,863 [Worker-5] INFO  o.e.m.c.i.embedder.EclipseLogger - Using 'UTF-8' encoding to copy filtered resources.
2016-02-18 16:07:28,863 [Worker-5] INFO  o.e.m.c.i.embedder.EclipseLogger - Copying 1 resource
2016-02-18 16:07:28,894 [Worker-5] INFO  o.e.m.c.i.embedder.EclipseLogger - Using 'UTF-8' encoding to copy filtered resources.
2016-02-18 16:07:28,894 [Worker-5] INFO  o.e.m.c.i.embedder.EclipseLogger - skip non existing resourceDirectory C:\Users\paulo.capeller\Google Drive\Wipro\Projetos\SMART\realeses\Test 1.0.0\src\test\resources
2016-02-18 16:07:30,665 [Worker-10] WARN  o.e.m.c.i.embedder.EclipseLogger - The artifact xml-apis:xml-apis:jar:2.0.2 has been relocated to xml-apis:xml-apis:jar:1.0.b2
2016-02-18 16:07:33,351 [Worker-9] INFO  o.e.m.c.i.l.LifecycleMappingFactory - Using org.eclipse.m2e.jdt.JarLifecycleMapping lifecycle mapping for MavenProject: Smart:Test:0.0.1-SNAPSHOT @ C:\Users\paulo.capeller\Google Drive\Wipro\Projetos\SMART\realeses\Test 1.0.0\pom.xml.
2016-02-18 16:07:33,641 [Worker-9] WARN  o.e.m.c.i.embedder.EclipseLogger - The artifact xml-apis:xml-apis:jar:2.0.2 has been relocated to xml-apis:xml-apis:jar:1.0.b2
2016-02-18 16:07:35,233 [Worker-10] INFO  o.e.m.c.i.embedder.EclipseLogger - Using 'UTF-8' encoding to copy filtered resources.
2016-02-18 16:07:35,248 [Worker-10] INFO  o.e.m.c.i.embedder.EclipseLogger - Copying 1 resource
2016-02-18 16:07:35,264 [Worker-10] INFO  o.e.m.c.i.embedder.EclipseLogger - Using 'UTF-8' encoding to copy filtered resources.
2016-02-18 16:07:35,264 [Worker-10] INFO  o.e.m.c.i.embedder.EclipseLogger - skip non existing resourceDirectory C:\Users\paulo.capeller\Google Drive\Wipro\Projetos\SMART\realeses\Test 1.0.0\src\test\resources
2016-02-18 16:07:37,713 [Worker-5] WARN  o.e.m.c.i.embedder.EclipseLogger - The artifact xml-apis:xml-apis:jar:2.0.2 has been relocated to xml-apis:xml-apis:jar:1.0.b2
2016-02-18 16:07:37,791 [Worker-5] INFO  o.e.m.c.i.embedder.EclipseLogger - Using 'UTF-8' encoding to copy filtered resources.
2016-02-18 16:07:37,791 [Worker-5] INFO  o.e.m.c.i.embedder.EclipseLogger - Copying 1 resource
2016-02-18 16:07:37,791 [Worker-5] INFO  o.e.m.c.i.embedder.EclipseLogger - Using 'UTF-8' encoding to copy filtered resources.
2016-02-18 16:07:37,791 [Worker-5] INFO  o.e.m.c.i.embedder.EclipseLogger - skip non existing resourceDirectory C:\Users\paulo.capeller\Google Drive\Wipro\Projetos\SMART\realeses\Test 1.0.0\src\test\resources
